
> app_temp@0.1.0 build
> next build

Γû▓ Next.js 16.1.1 (Turbopack)
- Environments: .env.local

  Creating an optimized production build ...
Γ£ô Compiled successfully in 4.8s
  Running TypeScript ...
  Collecting page data using 23 workers ...
  Generating static pages using 23 workers (0/4) ...
  Generating static pages using 23 workers (1/4) 
  Generating static pages using 23 workers (2/4) 
  Generating static pages using 23 workers (3/4) 
Γ£ô Generating static pages using 23 workers (4/4) in 478.5ms
  Finalizing page optimization ...

Route (app)
Γöî Γùï /
Γö£ Γùï /_not-found
Γö£ ╞Æ /api/contact
Γöö ╞Æ /tech/[slug]


Γùï  (Static)   prerendered as static content
╞Æ  (Dynamic)  server-rendered on demand

